<?xml version="1.0" encoding="UTF-8"?>
<coverage generated="1742292002391" clover="3.2.0">
  <project timestamp="1742292002391" name="All files">
    <metrics statements="14" coveredstatements="12" conditionals="3" coveredconditionals="2" methods="4" coveredmethods="4" elements="21" coveredelements="18" complexity="0" loc="14" ncloc="14" packages="1" files="1" classes="1"/>
    <file name="index.ts" path="/Users/andi/Workspaces/@aashari/boilerplate-npm-package/src/index.ts">
      <metrics statements="14" coveredstatements="12" conditionals="3" coveredconditionals="2" methods="4" coveredmethods="4"/>
      <line num="2" count="3" type="stmt"/>
      <line num="7" count="3" type="stmt"/>
      <line num="8" count="3" type="stmt"/>
      <line num="14" count="3" type="stmt"/>
      <line num="15" count="5" type="stmt"/>
      <line num="17" count="5" type="stmt"/>
      <line num="22" count="5" type="stmt"/>
      <line num="26" count="1" type="stmt"/>
      <line num="30" count="5" type="stmt"/>
      <line num="31" count="1" type="stmt"/>
      <line num="34" count="5" type="stmt"/>
      <line num="40" count="3" type="cond" truecount="0" falsecount="1"/>
      <line num="41" count="0" type="stmt"/>
      <line num="42" count="0" type="stmt"/>
    </file>
  </project>
</coverage>
