TN:
SF:dist/index.js
FN:10,greet
FN:16,createCli
FN:25,(anonymous_2)
FN:29,(anonymous_3)
FNF:4
FNH:1
FNDA:1,greet
FNDA:0,createCli
FNDA:0,(anonymous_2)
FNDA:0,(anonymous_3)
DA:3,1
DA:4,1
DA:5,1
DA:6,1
DA:11,1
DA:17,0
DA:18,0
DA:22,0
DA:26,0
DA:29,0
DA:30,0
DA:32,0
DA:37,1
DA:38,0
DA:39,0
LF:15
LH:6
BRDA:21,0,0,0
BRDA:21,0,1,0
BRDA:37,1,0,0
BRDA:37,1,1,1
BRF:4
BRH:1
end_of_record
TN:
SF:src/index.ts
FN:7,greet
FN:14,createCli
FN:25,(anonymous_2)
FN:30,(anonymous_3)
FNF:4
FNH:1
FNDA:1,greet
FNDA:0,createCli
FNDA:0,(anonymous_2)
FNDA:0,(anonymous_3)
DA:2,1
DA:7,1
DA:8,1
DA:14,1
DA:15,0
DA:17,0
DA:22,0
DA:26,0
DA:30,0
DA:31,0
DA:34,0
DA:40,1
DA:41,0
DA:42,0
LF:14
LH:5
BRDA:20,0,0,0
BRDA:20,0,1,0
BRDA:40,1,0,0
BRF:3
BRH:0
end_of_record
